<?xml version="1.0" encoding="UTF-8" ?>
<testsuite errors="0" failures="0" hostname="vmi402290" name="jUnit4.AllTests" skipped="0" tests="58" time="0.074" timestamp="2020-11-16T11:44:29">
  <properties>
[...]
</properties>
  <testcase classname="jUnit4.TestCorespondence" name="testConstructeurNull" time="0.002" />
  <testcase classname="jUnit4.TestCorespondence" name="testGetId_c" time="0.0" />
  <testcase classname="jUnit4.TestCorespondence" name="testConstructeurNotNullV1" time="0.001" />
  <testcase classname="jUnit4.TestCorespondence" name="testGetId_index_vulnerabilite" time="0.0" />
  <testcase classname="jUnit4.TestCorespondence" name="testSetId_index_logiciel" time="0.0" />
  <testcase classname="jUnit4.TestCorespondence" name="testSetId_c" time="0.0" />
  <testcase classname="jUnit4.TestCorespondence" name="testGetId_index_logiciel" time="0.0" />
  <testcase classname="jUnit4.TestCorespondence" name="testSetId_index_vulnerabilite" time="0.0" />
  <testcase classname="jUnit4.TestLogiciel" name="testGetVersion_logiciel" time="0.0" />
  <testcase classname="jUnit4.TestLogiciel" name="testConstructeurNull" time="0.001" />
  <testcase classname="jUnit4.TestLogiciel" name="testGetNom_logiciel" time="0.0" />
  <testcase classname="jUnit4.TestLogiciel" name="testGetId_l" time="0.0" />
  <testcase classname="jUnit4.TestLogiciel" name="testSetNom_logiciel" time="0.0" />
  <testcase classname="jUnit4.TestLogiciel" name="testConstructeurNotNullV1" time="0.0" />
  <testcase classname="jUnit4.TestLogiciel" name="testSetVersion_logiciel" time="0.001" />
  <testcase classname="jUnit4.TestLogiciel" name="testSetId_l" time="0.0" />
  <testcase classname="jUnit4.TestMenace" name="testConstructeurNull" time="0.0" />
  <testcase classname="jUnit4.TestMenace" name="testGetNiv_gravite" time="0.0" />
  <testcase classname="jUnit4.TestMenace" name="testGetDescription_vulnerabilite" time="0.0" />
  <testcase classname="jUnit4.TestMenace" name="testGetDate_creation" time="0.0" />
  <testcase classname="jUnit4.TestMenace" name="testGetId_v" time="0.0" />
  <testcase classname="jUnit4.TestMenace" name="testSetDescription_vulnerabilite" time="0.0" />
  <testcase classname="jUnit4.TestMenace" name="testConstructeurNotNullV1" time="0.0" />
  <testcase classname="jUnit4.TestMenace" name="testSetNiv_gravite" time="0.0" />
  <testcase classname="jUnit4.TestMenace" name="testGetUrl_source" time="0.0" />
  <testcase classname="jUnit4.TestMenace" name="testGetSynthese_vulnerabilite" time="0.0" />
  <testcase classname="jUnit4.TestMenace" name="testSetId_v" time="0.0" />
  <testcase classname="jUnit4.TestMenace" name="testSetDate_creation" time="0.0" />
  <testcase classname="jUnit4.TestMenace" name="testSetUrl_source" time="0.0" />
  <testcase classname="jUnit4.TestMenace" name="testSetSynthese_vulnerabilite" time="0.0" />
  <testcase classname="jUnit4.TestPerimetre" name="testConstructeurNull" time="0.0" />
  <testcase classname="jUnit4.TestPerimetre" name="testGetId_index_user" time="0.0" />
  <testcase classname="jUnit4.TestPerimetre" name="testConstructeurNotNullV1" time="0.0" />
  <testcase classname="jUnit4.TestPerimetre" name="testSetId_index_logiciel" time="0.0" />
  <testcase classname="jUnit4.TestPerimetre" name="testSetId_index_user" time="0.0" />
  <testcase classname="jUnit4.TestPerimetre" name="testGetId_index_logiciel" time="0.0" />
  <testcase classname="jUnit4.TestSolution" name="testSetDescription_solution" time="0.0" />
  <testcase classname="jUnit4.TestSolution" name="testConstructeurNull" time="0.0" />
  <testcase classname="jUnit4.TestSolution" name="testGetId_s" time="0.0" />
  <testcase classname="jUnit4.TestSolution" name="testGetDescription_solution" time="0.0" />
  <testcase classname="jUnit4.TestSolution" name="testConstructeurNotNullV1" time="0.0" />
  <testcase classname="jUnit4.TestSolution" name="testGetId_index_vulnerabilite" time="0.0" />
  <testcase classname="jUnit4.TestSolution" name="testSetId_index_logiciel" time="0.001" />
  <testcase classname="jUnit4.TestSolution" name="testSetId_s" time="0.0" />
  <testcase classname="jUnit4.TestSolution" name="testGetId_index_logiciel" time="0.0" />
  <testcase classname="jUnit4.TestSolution" name="testSetId_index_vulnerabilite" time="0.0" />
  <testcase classname="jUnit4.TestUser" name="testSetPassword" time="0.0" />
  <testcase classname="jUnit4.TestUser" name="testGetPassword" time="0.0" />
  <testcase classname="jUnit4.TestUser" name="testConstructeurNull" time="0.0" />
  <testcase classname="jUnit4.TestUser" name="testGetId_u" time="0.0" />
  <testcase classname="jUnit4.TestUser" name="testGetRole" time="0.0" />
  <testcase classname="jUnit4.TestUser" name="testSetUsername" time="0.0" />
  <testcase classname="jUnit4.TestUser" name="testGetUsername" time="0.0" />
  <testcase classname="jUnit4.TestUser" name="testGetNom" time="0.0" />
  <testcase classname="jUnit4.TestUser" name="testSetId_u" time="0.0" />
  <testcase classname="jUnit4.TestUser" name="testSetRole" time="0.0" />
  <testcase classname="jUnit4.TestUser" name="testConstructeurNotNull" time="0.0" />
  <testcase classname="jUnit4.TestUser" name="testSetNom" time="0.0" />
  <system-out><![CDATA[]]></system-out>
  <system-err><![CDATA[]]></system-err>
</testsuite>
